<?xml version="1.0" encoding="UTF-8"?>
<!-- Generated by org.testng.reporters.JUnitReportReporter -->
<testsuite skipped="0" hostname="COMPND-DTP-204" name="Script.CreateUser" tests="1" failures="0" timestamp="2019-12-09T14:50:09 IST" time="79.852" errors="0">
  <testcase name="CreateUser" time="79.852" classname="Script.CreateUser"/>
</testsuite> <!-- Script.CreateUser -->
