<?xml version="1.0" encoding="UTF-8"?>
<!-- Generated by org.testng.reporters.JUnitReportReporter -->
<testsuite skipped="0" hostname="COMPND-DTP-204" name="Script.EditBillingAdress" tests="1" failures="0" timestamp="2019-11-11T15:24:45 IST" time="28.286" errors="0">
  <testcase name="editbilladress" time="28.286" classname="Script.EditBillingAdress"/>
</testsuite> <!-- Script.EditBillingAdress -->
