<?xml version="1.0" encoding="UTF-8"?>
<!-- Generated by org.testng.reporters.JUnitReportReporter -->
<testsuite hostname="COMPND-DTP-204" name="Script.AddAdress" tests="2" failures="0" timestamp="4 Feb 2020 03:10:01 GMT" time="80.960" errors="0">
  <testcase name="editbilladress" time="38.788" classname="Script.AddAdress"/>
  <testcase name="addNewaddress" time="42.172" classname="Script.AddAdress"/>
</testsuite> <!-- Script.AddAdress -->
