<?xml version="1.0" encoding="UTF-8"?>
<!-- Generated by org.testng.reporters.JUnitReportReporter -->
<testsuite skipped="2" hostname="COMPND-DTP-204" name="Script.UserProductPurchase" tests="3" failures="0" timestamp="2019-11-19T10:58:24 IST" time="138.546" errors="0">
  <testcase name="EBookPurchaseUser" time="138.546" classname="Script.UserProductPurchase"/>
  <testcase name="GuestUserProductPurchase" classname="Script.UserProductPurchase">
    <skipped/>
  </testcase> <!-- GuestUserProductPurchase -->
  <testcase name="validUserProductPurchase" classname="Script.UserProductPurchase">
    <skipped/>
  </testcase> <!-- validUserProductPurchase -->
</testsuite> <!-- Script.UserProductPurchase -->
