<?xml version="1.0" encoding="UTF-8"?>
<!-- Generated by org.testng.reporters.JUnitReportReporter -->
<testsuite skipped="0" hostname="COMPND-DTP-204" name="Script.CreateUser" tests="1" failures="0" timestamp="2019-11-11T18:01:23 IST" time="13.854" errors="0">
  <testcase name="CreateUser" time="13.854" classname="Script.CreateUser"/>
</testsuite> <!-- Script.CreateUser -->
