<?xml version="1.0" encoding="UTF-8"?>
<!-- Generated by org.testng.reporters.JUnitReportReporter -->
<testsuite skipped="0" hostname="COMPND-DTP-204" name="Script.CheckFilter" tests="1" failures="0" timestamp="2019-11-13T17:46:49 IST" time="67.109" errors="0">
  <testcase name="FilterCheck" time="67.109" classname="Script.CheckFilter"/>
</testsuite> <!-- Script.CheckFilter -->
