<?xml version="1.0" encoding="UTF-8"?>
<!-- Generated by org.testng.reporters.JUnitReportReporter -->
<testsuite skipped="0" hostname="COMPND-DTP-182" name="Script.Loginscript" tests="2" failures="0" timestamp="04 Nov 2019 05:16:15 GMT" time="35.737" errors="0">
  <testcase name="validLogin" time="17.140" classname="Script.Loginscript"/>
  <testcase name="invalidLogin" time="18.597" classname="Script.Loginscript"/>
</testsuite> <!-- Script.Loginscript -->
