<?xml version="1.0" encoding="UTF-8"?>
<!-- Generated by org.testng.reporters.JUnitReportReporter -->
<testsuite skipped="0" hostname="COMPND-DTP-204" name="Script.AddAdress" tests="2" failures="0" timestamp="2019-11-27T18:22:46 IST" time="69.296" errors="0">
  <testcase name="editbilladress" time="32.464" classname="Script.AddAdress"/>
  <testcase name="addNewaddress" time="36.832" classname="Script.AddAdress"/>
</testsuite> <!-- Script.AddAdress -->
