<?xml version="1.0" encoding="UTF-8"?>
<!-- Generated by org.testng.reporters.JUnitReportReporter -->
<testsuite skipped="0" hostname="COMPND-DTP-204" name="Script.UserProductPurchase" tests="2" failures="0" timestamp="2019-11-12T16:15:41 IST" time="74.223" errors="0">
  <testcase name="purchaseProduct" time="37.539" classname="Script.UserProductPurchase"/>
  <testcase name="GuestUserProductPurchase" time="36.684" classname="Script.UserProductPurchase"/>
</testsuite> <!-- Script.UserProductPurchase -->
