<?xml version="1.0" encoding="UTF-8"?>
<!-- Generated by org.testng.reporters.JUnitReportReporter -->
<testsuite skipped="0" hostname="COMPND-DTP-204" name="Script.Loginscript" tests="2" failures="0" timestamp="2019-11-12T13:02:01 IST" time="53.345" errors="0">
  <testcase name="validLogin" time="26.439" classname="Script.Loginscript"/>
  <testcase name="invalidLogin" time="26.906" classname="Script.Loginscript"/>
</testsuite> <!-- Script.Loginscript -->
