<?xml version="1.0" encoding="UTF-8"?>
<!-- Generated by org.testng.reporters.JUnitReportReporter -->
<testsuite skipped="0" hostname="COMPND-DTP-204" name="Script.ExistingUserProductPurchase" tests="1" failures="0" timestamp="2019-11-11T18:01:00 IST" time="41.683" errors="0">
  <testcase name="purchaseProduct" time="41.683" classname="Script.ExistingUserProductPurchase"/>
</testsuite> <!-- Script.ExistingUserProductPurchase -->
