<?xml version="1.0" encoding="UTF-8"?>
<!-- Generated by org.testng.reporters.JUnitReportReporter -->
<testsuite skipped="0" hostname="IPLND-LTP-084" name="Script.ExistingUserProductPurchase" tests="1" failures="0" timestamp="2019-11-06T15:40:56 IST" time="33.330" errors="0">
  <testcase name="purchaseProduct" time="33.330" classname="Script.ExistingUserProductPurchase"/>
</testsuite> <!-- Script.ExistingUserProductPurchase -->
