<?xml version="1.0" encoding="UTF-8"?>
<!-- Generated by org.testng.reporters.JUnitReportReporter -->
<testsuite hostname="COMPND-DTP-204" name="Script.CreateUser" tests="1" failures="0" timestamp="4 Feb 2020 10:51:00 GMT" time="118.175" errors="0">
  <testcase name="ForgetPassword" time="118.175" classname="Script.CreateUser"/>
</testsuite> <!-- Script.CreateUser -->
