<?xml version="1.0" encoding="UTF-8"?>
<!-- Generated by org.testng.reporters.JUnitReportReporter -->
<testsuite skipped="0" hostname="COMPND-DTP-182" name="Script.CreateUser" tests="1" failures="0" timestamp="04 Nov 2019 05:07:38 GMT" time="20.728" errors="0">
  <testcase name="CreateUser" time="20.728" classname="Script.CreateUser"/>
</testsuite> <!-- Script.CreateUser -->
