<?xml version="1.0" encoding="UTF-8"?>
<!-- Generated by org.testng.reporters.JUnitReportReporter -->
<testsuite hostname="COMPND-DTP-204" name="Script.CheckFilter" tests="1" failures="0" timestamp="4 Feb 2020 03:10:01 GMT" time="53.645" errors="0">
  <testcase name="FilterCheck" time="53.645" classname="Script.CheckFilter"/>
</testsuite> <!-- Script.CheckFilter -->
