<?xml version="1.0" encoding="UTF-8"?>
<!-- Generated by org.testng.reporters.JUnitReportReporter -->
<testsuite skipped="0" hostname="IPLND-LTP-084" name="Script.Loginscript" tests="2" failures="0" timestamp="2019-11-05T18:36:06 IST" time="45.664" errors="0">
  <testcase name="validLogin" time="20.677" classname="Script.Loginscript"/>
  <testcase name="invalidLogin" time="24.987" classname="Script.Loginscript"/>
</testsuite> <!-- Script.Loginscript -->
