<?xml version="1.0" encoding="UTF-8"?>
<!-- Generated by org.testng.reporters.JUnitReportReporter -->
<testsuite skipped="0" hostname="COMPND-DTP-204" name="Script.Loginscript" tests="2" failures="0" timestamp="2019-11-21T10:17:20 IST" time="83.127" errors="0">
  <testcase name="validLogin" time="60.423" classname="Script.Loginscript"/>
  <testcase name="invalidLogin" time="22.704" classname="Script.Loginscript"/>
</testsuite> <!-- Script.Loginscript -->
