<?xml version="1.0" encoding="UTF-8"?>
<!-- Generated by org.testng.reporters.JUnitReportReporter -->
<testsuite skipped="1" hostname="COMPND-DTP-204" name="Script.AddAdress" tests="2" failures="0" timestamp="2019-11-12T14:56:20 IST" time="33.952" errors="0">
  <testcase name="editbilladress" time="33.952" classname="Script.AddAdress"/>
  <testcase name="addNewaddress" classname="Script.AddAdress">
    <skipped/>
  </testcase> <!-- addNewaddress -->
</testsuite> <!-- Script.AddAdress -->
