<?xml version="1.0" encoding="UTF-8"?>
<!-- Generated by org.testng.reporters.JUnitReportReporter -->
<testsuite skipped="0" hostname="COMPND-DTP-204" name="Script.UserProductPurchase" tests="1" failures="0" timestamp="2019-12-11T17:31:32 IST" time="58.139" errors="0">
  <testcase name="ApplyDiscountCoupon" time="58.139" classname="Script.UserProductPurchase"/>
</testsuite> <!-- Script.UserProductPurchase -->
