<?xml version="1.0" encoding="UTF-8"?>
<!-- Generated by org.testng.reporters.JUnitReportReporter -->
<testsuite skipped="0" hostname="COMPND-DTP-204" name="Script.Loginscript" tests="2" failures="0" timestamp="2019-12-09T10:50:54 IST" time="106.510" errors="0">
  <testcase name="validLogin" time="56.969" classname="Script.Loginscript"/>
  <testcase name="invalidLogin" time="49.541" classname="Script.Loginscript"/>
</testsuite> <!-- Script.Loginscript -->
