<?xml version="1.0" encoding="UTF-8"?>
<!-- Generated by org.testng.reporters.JUnitReportReporter -->
<testsuite skipped="0" hostname="COMPND-DTP-204" name="Script.AddAdress" tests="2" failures="0" timestamp="2019-12-09T15:01:34 IST" time="141.463" errors="0">
  <testcase name="editbilladress" time="69.037" classname="Script.AddAdress"/>
  <testcase name="addNewaddress" time="72.426" classname="Script.AddAdress"/>
</testsuite> <!-- Script.AddAdress -->
