<?xml version="1.0" encoding="UTF-8"?>
<!-- Generated by org.testng.reporters.JUnitReportReporter -->
<testsuite skipped="0" hostname="COMPND-DTP-182" name="Generic.elsevier.com.creditCard" tests="1" failures="0" timestamp="21 Oct 2019 12:05:41 GMT" time="16.766" errors="0">
  <testcase name="test" time="16.766" classname="Generic.elsevier.com.creditCard"/>
</testsuite> <!-- Generic.elsevier.com.creditCard -->
