<?xml version="1.0" encoding="UTF-8"?>
<!-- Generated by org.testng.reporters.JUnitReportReporter -->
<testsuite skipped="0" hostname="COMPND-DTP-204" name="Script.CreateUser" tests="1" failures="0" timestamp="2019-11-21T10:18:00 IST" time="19.838" errors="0">
  <testcase name="CreateUser" time="19.838" classname="Script.CreateUser"/>
</testsuite> <!-- Script.CreateUser -->
