<?xml version="1.0" encoding="UTF-8"?>
<!-- Generated by org.testng.reporters.JUnitReportReporter -->
<testsuite skipped="4" hostname="COMPND-DTP-204" name="Script.UserProductPurchase" tests="5" failures="0" timestamp="2019-11-29T17:28:19 IST" time="43.553" errors="0">
  <testcase name="ApplyDiscountCoupon" time="43.553" classname="Script.UserProductPurchase"/>
  <testcase name="GuestUserProductPurchase" classname="Script.UserProductPurchase">
    <skipped/>
  </testcase> <!-- GuestUserProductPurchase -->
  <testcase name="validUserProductPurchase" classname="Script.UserProductPurchase">
    <skipped/>
  </testcase> <!-- validUserProductPurchase -->
  <testcase name="EBookPurchaseUser" classname="Script.UserProductPurchase">
    <skipped/>
  </testcase> <!-- EBookPurchaseUser -->
  <testcase name="AddtoCart" classname="Script.UserProductPurchase">
    <skipped/>
  </testcase> <!-- AddtoCart -->
</testsuite> <!-- Script.UserProductPurchase -->
