<?xml version="1.0" encoding="UTF-8"?>
<!-- Generated by org.testng.reporters.JUnitReportReporter -->
<testsuite skipped="0" hostname="COMPND-DTP-204" name="Script.CheckFilter" tests="1" failures="0" timestamp="2019-11-27T18:23:42 IST" time="38.434" errors="0">
  <testcase name="FilterCheck" time="38.434" classname="Script.CheckFilter"/>
</testsuite> <!-- Script.CheckFilter -->
