<?xml version="1.0" encoding="UTF-8"?>
<!-- Generated by org.testng.reporters.JUnitReportReporter -->
<testsuite hostname="COMPND-DTP-204" name="Script.Loginscript" tests="2" failures="0" timestamp="4 Feb 2020 03:10:01 GMT" time="51.793" errors="0">
  <testcase name="validLogin" time="26.150" classname="Script.Loginscript"/>
  <testcase name="invalidLogin" time="25.643" classname="Script.Loginscript"/>
</testsuite> <!-- Script.Loginscript -->
