<?xml version="1.0" encoding="UTF-8"?>
<!-- Generated by org.testng.reporters.JUnitReportReporter -->
<testsuite skipped="1" hostname="COMPND-DTP-204" name="Script.ExistingUserProductPurchase" tests="2" failures="0" timestamp="2019-11-12T16:11:45 IST" time="36.738" errors="0">
  <testcase name="purchaseProduct" time="36.738" classname="Script.ExistingUserProductPurchase"/>
  <testcase name="GuestUserProductPurchase" classname="Script.ExistingUserProductPurchase">
    <skipped/>
  </testcase> <!-- GuestUserProductPurchase -->
</testsuite> <!-- Script.ExistingUserProductPurchase -->
