<?xml version="1.0" encoding="UTF-8"?>
<!-- Generated by org.testng.reporters.JUnitReportReporter -->
<testsuite skipped="0" hostname="COMPND-DTP-204" name="Script.UserProductPurchase" tests="3" failures="0" timestamp="2019-11-27T16:11:17 IST" time="141.908" errors="0">
  <testcase name="validUserProductPurchase" time="36.746" classname="Script.UserProductPurchase"/>
  <testcase name="GuestUserProductPurchase" time="24.607" classname="Script.UserProductPurchase"/>
  <testcase name="EBookPurchaseUser" time="80.555" classname="Script.UserProductPurchase"/>
</testsuite> <!-- Script.UserProductPurchase -->
