<?xml version="1.0" encoding="UTF-8"?>
<!-- Generated by org.testng.reporters.JUnitReportReporter -->
<testsuite skipped="0" hostname="COMPND-DTP-204" name="Script.Loginscript" tests="2" failures="0" timestamp="2019-11-11T18:02:15 IST" time="30.909" errors="0">
  <testcase name="validLogin" time="14.023" classname="Script.Loginscript"/>
  <testcase name="invalidLogin" time="16.886" classname="Script.Loginscript"/>
</testsuite> <!-- Script.Loginscript -->
